<?xml version="1.0" encoding="UTF-8"?>
<!-- Generated by org.testng.reporters.JUnitXMLReporter -->
<testsuite ignored="1" hostname="DESKTOP-OECDEAJ" failures="2" tests="5" name="TestE2EProject" time="54.757" errors="0" timestamp="2021-04-02T07:45:08 EDT">
  <testcase classname="RahulAcademy.E2EProject.WomenslinkPageTest" name="kurtaSet" time="3.826"/>
  <testcase classname="RahulAcademy.E2EProject.WomenslinkPageTest" name="makeAnOrder" time="20.153"/>
  <testcase classname="RahulAcademy.E2EProject.WomenslinkPageTest" name="productsKurtaSet" time="5.051"/>
  <testcase classname="RahulAcademy.E2EProject.MyntraHomePageTest" name="linksCount" time="0.139">
    <failure type="java.lang.AssertionError" message="The following asserts failed:
	expected [471] but found [470]">
      <![CDATA[java.lang.AssertionError: The following asserts failed:
expected [471] but found [470]
at RahulAcademy.E2EProject.MyntraHomePageTest.linksCount(MyntraHomePageTest.java:45)
at java.base/java.util.ArrayList.forEach(ArrayList.java:1541)
... Removed 33 stack frames]]>
    </failure>
  </testcase> <!-- linksCount -->
  <testcase classname="RahulAcademy.E2EProject.MyntraHomePageTest" name="linksCount" time="5.359">
    <failure type="java.lang.NullPointerException">
      <![CDATA[java.lang.NullPointerException
at RahulAcademy.E2EProject.Base.takesScreenShot(Base.java:63)
at RahulAcademy.E2EProject.ListnerTest.onTestFailure(ListnerTest.java:49)
at java.base/java.util.ArrayList.forEach(ArrayList.java:1541)
... Removed 28 stack frames]]>
    </failure>
  </testcase> <!-- linksCount -->
  <testcase classname="RahulAcademy.E2EProject.MyntraHomePageTest" name="scrollDownSaree" time="0.0">
    <ignored/>
  </testcase> <!-- scrollDownSaree -->
</testsuite> <!-- TestE2EProject -->
